<?xml version="1.0" encoding="UTF-8"?>
<!-- Generated by org.testng.reporters.JUnitReportReporter -->
<testsuite hostname="DESKTOP-8VB9DH2" failures="0" tests="1" name="com.fdmgroup.testCases.TC_AddCustomerTest_003" time="13.003" errors="0" timestamp="04 Nov 2020 01:25:50 GMT" skipped="0">
  <testcase classname="com.fdmgroup.testCases.TC_AddCustomerTest_003" name="addNewCustomer" time="13.003"/>
</testsuite> <!-- com.fdmgroup.testCases.TC_AddCustomerTest_003 -->
